
18/11/2023, 3:09:25 pm - ERROR: Download of "https://kdata1.com/2021/03/3527391/2.1/icon-256.png",
	referenced from "https://kdata1.com/2021/03/3527391/2.1/",
	failed with error code -1100 (File does not exist.)
18/11/2023, 3:09:25 pm - ERROR: Download of "https://kdata1.com/2021/03/3527391/2.1/appmanifest.json",
	referenced from "https://kdata1.com/2021/03/3527391/2.1/",
	failed with error code -1100 (File does not exist.)

---------------------

18/11/2023, 3:13:17 pm - ERROR: Download of "https://kdata1.com/2021/03/3527391/2.1/3527391/2.1/data.js"
	failed with error code -1100 (File does not exist.)

---------------------

18/11/2023, 3:18:08 pm - ERROR: Download of "https://kdata1.com/2021/03/3527391/2.1/media/sfx_mach0.ogg"
	failed with error code -1100 (File does not exist.)

---------------------

18/11/2023, 3:22:02 pm - ERROR: Download of "https://kdata1.com/2021/03/3527391/2.1/images/spr_nos-sheet2.png"
	failed with error code -1100 (File does not exist.)

---------------------

18/11/2023, 3:22:14 pm - ERROR: Download of "https://kdata1.com/2021/03/3527391/2.1/images/chase-sheet1.png"
	failed with error code -1100 (File does not exist.)

---------------------

18/11/2023, 3:22:15 pm - ERROR: Download of "https://kdata1.com/2021/03/3527391/2.1/images/chase-sheet2.png"
	failed with error code -1100 (File does not exist.)

---------------------

18/11/2023, 3:22:46 pm - ERROR: Download of "https://kdata1.com/2021/03/3527391/2.1/images/spr_pep-sheet10.png"
	failed with error code -1100 (File does not exist.)

---------------------

18/11/2023, 3:23:05 pm - ERROR: Download of "https://kdata1.com/2021/03/3527391/2.1/images/ui_face2-sheet2.png"
	failed with error code -1100 (File does not exist.)

---------------------

18/11/2023, 3:23:25 pm - ERROR: Download of "https://kdata1.com/2021/03/3527391/2.1/images/obj_player-sheet20.png"
	failed with error code -1100 (File does not exist.)

---------------------

18/11/2023, 3:23:29 pm - ERROR: Download of "https://kdata1.com/2021/03/3527391/2.1/images/obj_player-sheet2.png"
	failed with error code -1100 (File does not exist.)

---------------------

18/11/2023, 3:23:39 pm - ERROR: Download of "https://kdata1.com/2021/03/3527391/2.1/images/keybin-sheet12png"
	failed with error code -1100 (File does not exist.)

---------------------

18/11/2023, 3:23:42 pm - ERROR: Download of "https://kdata1.com/2021/03/3527391/2.1/images/keybin-sheet2.png"
	failed with error code -1100 (File does not exist.)

---------------------

18/11/2023, 3:23:57 pm - ERROR: Download of "https://kdata1.com/2021/03/3527391/2.1/images/menusel-sheet1.png"
	failed with error code -1100 (File does not exist.)

---------------------

18/11/2023, 3:23:59 pm - ERROR: Download of "https://kdata1.com/2021/03/3527391/2.1/images/menusel-sheet2.png"
	failed with error code -1100 (File does not exist.)

---------------------

18/11/2023, 3:24:12 pm - ERROR: Download of "https://kdata1.com/2021/03/3527391/2.1/images/pauseoptions-sheet1.png"
	failed with error code -1100 (File does not exist.)

---------------------

18/11/2023, 3:24:13 pm - ERROR: Download of "https://kdata1.com/2021/03/3527391/2.1/images/pauseoptions-sheet2.png"
	failed with error code -1100 (File does not exist.)

---------------------

18/11/2023, 3:24:24 pm - ERROR: Download of "https://kdata1.com/2021/03/3527391/2.1/images/sprite6-sheet1.png"
	failed with error code -1100 (File does not exist.)

---------------------

18/11/2023, 3:24:26 pm - ERROR: Download of "https://kdata1.com/2021/03/3527391/2.1/images/sprite6-sheet2.png"
	failed with error code -1100 (File does not exist.)

---------------------

18/11/2023, 4:09:30 pm - ERROR: Download of "https://kdata1.com/2021/03/3527391/2.1/images/spritefont1.png"
	failed with error code -1100 (File does not exist.)

---------------------

18/11/2023, 4:09:32 pm - ERROR: Download of "https://kdata1.com/2021/03/3527391/2.1/images/spritefont0.png"
	failed with error code -1100 (File does not exist.)

---------------------

18/11/2023, 4:09:43 pm - ERROR: Download of "https://kdata1.com/2021/03/3527391/2.1/images/sprite2-sheet1.png"
	failed with error code -1100 (File does not exist.)

---------------------

18/11/2023, 4:09:45 pm - ERROR: Download of "https://kdata1.com/2021/03/3527391/2.1/images/sprite2-sheet2.png"
	failed with error code -1100 (File does not exist.)

---------------------

18/11/2023, 4:09:56 pm - ERROR: Download of "https://kdata1.com/2021/03/3527391/2.1/images/par_water-sheet1.png"
	failed with error code -1100 (File does not exist.)

---------------------

18/11/2023, 4:09:57 pm - ERROR: Download of "https://kdata1.com/2021/03/3527391/2.1/images/par_water-sheet2.png"
	failed with error code -1100 (File does not exist.)

---------------------

18/11/2023, 4:10:21 pm - ERROR: Download of "https://kdata1.com/2021/03/3527391/2.1/images/ui_speed-sheet1.png"
	failed with error code -1100 (File does not exist.)

---------------------

18/11/2023, 4:10:23 pm - ERROR: Download of "https://kdata1.com/2021/03/3527391/2.1/images/ui_speed-sheet2.png"
	failed with error code -1100 (File does not exist.)

---------------------

18/11/2023, 4:10:36 pm - ERROR: Download of "https://kdata1.com/2021/03/3527391/2.1/images/ui_border-sheet1.png"
	failed with error code -1100 (File does not exist.)

---------------------

18/11/2023, 4:10:38 pm - ERROR: Download of "https://kdata1.com/2021/03/3527391/2.1/images/ui_border-sheet2.png"
	failed with error code -1100 (File does not exist.)

---------------------

18/11/2023, 4:10:47 pm - ERROR: Download of "https://kdata1.com/2021/03/3527391/2.1/images/ui_item-sheet2.png"
	failed with error code -1100 (File does not exist.)

---------------------

18/11/2023, 4:11:49 pm - ERROR: Download of "https://kdata1.com/2021/03/3527391/2.1/images/par_keysparkle-sheet1.png"
	failed with error code -1100 (File does not exist.)

---------------------

18/11/2023, 4:11:50 pm - ERROR: Download of "https://kdata1.com/2021/03/3527391/2.1/images/par_keysparkle-sheet2.png"
	failed with error code -1100 (File does not exist.)

---------------------

18/11/2023, 4:12:01 pm - ERROR: Download of "https://kdata1.com/2021/03/3527391/2.1/images/par_slide-sheet2.png"
	failed with error code -1100 (File does not exist.)

---------------------

18/11/2023, 4:12:51 pm - ERROR: Download of "https://kdata1.com/2021/03/3527391/2.1/images/par_land-sheet2.png"
	failed with error code -1100 (File does not exist.)

---------------------

18/11/2023, 4:13:13 pm - ERROR: Download of "https://kdata1.com/2021/03/3527391/2.1/images/par_hj1-sheet2.png"
	failed with error code -1100 (File does not exist.)

---------------------

18/11/2023, 4:13:36 pm - ERROR: Download of "https://kdata1.com/2021/03/3527391/2.1/images/par_hj2-sheet2.png"
	failed with error code -1100 (File does not exist.)

---------------------

18/11/2023, 4:14:16 pm - ERROR: Download of "https://kdata1.com/2021/03/3527391/2.1/images/obj_monster-sheet1.png"
	failed with error code -1100 (File does not exist.)

---------------------

18/11/2023, 4:14:18 pm - ERROR: Download of "https://kdata1.com/2021/03/3527391/2.1/images/obj_monster-sheet2.png"
	failed with error code -1100 (File does not exist.)

---------------------

18/11/2023, 4:14:35 pm - ERROR: Download of "https://kdata1.com/2021/03/3527391/2.1/images/par_hook-sheet1.png"
	failed with error code -1100 (File does not exist.)

---------------------

18/11/2023, 4:14:36 pm - ERROR: Download of "https://kdata1.com/2021/03/3527391/2.1/images/par_hook-sheet2.png"
	failed with error code -1100 (File does not exist.)

---------------------

18/11/2023, 4:15:42 pm - ERROR: Download of "https://kdata1.com/2021/03/3527391/2.1/images/par_dash1-sheet2.png"
	failed with error code -1100 (File does not exist.)

---------------------

18/11/2023, 4:17:09 pm - ERROR: Download of "https://kdata1.com/2021/03/3527391/2.1/images/par_wood-sheet1.png"
	failed with error code -1100 (File does not exist.)

---------------------

18/11/2023, 4:17:11 pm - ERROR: Download of "https://kdata1.com/2021/03/3527391/2.1/images/par_wood-sheet2.png"
	failed with error code -1100 (File does not exist.)

---------------------

18/11/2023, 4:17:35 pm - ERROR: Download of "https://kdata1.com/2021/03/3527391/2.1/images/obj_metalblock-sheet1.png"
	failed with error code -1100 (File does not exist.)

---------------------

18/11/2023, 4:17:37 pm - ERROR: Download of "https://kdata1.com/2021/03/3527391/2.1/images/obj_metalblock-sheet2.png"
	failed with error code -1100 (File does not exist.)

---------------------

18/11/2023, 4:17:47 pm - ERROR: Download of "https://kdata1.com/2021/03/3527391/2.1/images/obj_slime-sheet2.png"
	failed with error code -1100 (File does not exist.)

---------------------

18/11/2023, 4:17:58 pm - ERROR: Download of "https://kdata1.com/2021/03/3527391/2.1/images/par_boom-sheet2.png"
	failed with error code -1100 (File does not exist.)

---------------------

18/11/2023, 4:18:21 pm - ERROR: Download of "https://kdata1.com/2021/03/3527391/2.1/images/obj_chasingmonster-sheet1.png"
	failed with error code -1100 (File does not exist.)

---------------------

18/11/2023, 4:18:23 pm - ERROR: Download of "https://kdata1.com/2021/03/3527391/2.1/images/obj_chasingmonster-sheet2.png"
	failed with error code -1100 (File does not exist.)

---------------------

18/11/2023, 4:18:57 pm - ERROR: Download of "https://kdata1.com/2021/03/3527391/2.1/images/obj_goblin-sheet1.png"
	failed with error code -1100 (File does not exist.)

---------------------

18/11/2023, 4:18:59 pm - ERROR: Download of "https://kdata1.com/2021/03/3527391/2.1/images/obj_goblin-sheet2.png"
	failed with error code -1100 (File does not exist.)

---------------------

18/11/2023, 4:19:44 pm - ERROR: Download of "https://kdata1.com/2021/03/3527391/2.1/images/obj_breakablebelly-sheet1.png"
	failed with error code -1100 (File does not exist.)

---------------------

18/11/2023, 4:19:48 pm - ERROR: Download of "https://kdata1.com/2021/03/3527391/2.1/images/obj_breakablebelly-sheet2.png"
	failed with error code -1100 (File does not exist.)

---------------------

18/11/2023, 4:20:14 pm - ERROR: Download of "https://kdata1.com/2021/03/3527391/2.1/images/par_slime-sheet1.png"
	failed with error code -1100 (File does not exist.)

---------------------

18/11/2023, 4:20:15 pm - ERROR: Download of "https://kdata1.com/2021/03/3527391/2.1/images/par_slime-sheet2.png"
	failed with error code -1100 (File does not exist.)

---------------------

18/11/2023, 4:21:15 pm - ERROR: Download of "https://kdata1.com/2021/03/3527391/2.1/images/black-sheet1.png"
	failed with error code -1100 (File does not exist.)

---------------------

18/11/2023, 4:21:17 pm - ERROR: Download of "https://kdata1.com/2021/03/3527391/2.1/images/black-sheet2.png"
	failed with error code -1100 (File does not exist.)

---------------------

18/11/2023, 4:21:26 pm - ERROR: Download of "https://kdata1.com/2021/03/3527391/2.1/images/pr_torch-sheet0.png"
	failed with error code -1100 (File does not exist.)

---------------------

18/11/2023, 4:21:29 pm - ERROR: Download of "https://kdata1.com/2021/03/3527391/2.1/images/spr_torch-sheet1.png"
	failed with error code -1100 (File does not exist.)

---------------------

18/11/2023, 4:21:30 pm - ERROR: Download of "https://kdata1.com/2021/03/3527391/2.1/images/spr_torch-sheet2.png"
	failed with error code -1100 (File does not exist.)

---------------------

18/11/2023, 4:22:19 pm - ERROR: Download of "https://kdata1.com/2021/03/3527391/2.1/images/spr_window-sheet1.png"
	failed with error code -1100 (File does not exist.)

---------------------

18/11/2023, 4:22:20 pm - ERROR: Download of "https://kdata1.com/2021/03/3527391/2.1/images/spr_window-sheet2.png"
	failed with error code -1100 (File does not exist.)

---------------------

18/11/2023, 4:23:52 pm - ERROR: Download of "https://kdata1.com/2021/03/3527391/2.1/images/level1.png"
	failed with error code -1100 (File does not exist.)

---------------------

18/11/2023, 4:24:10 pm - ERROR: Download of "https://kdata1.com/2021/03/3527391/2.1/images/obj_collision-sheet1.png"
	failed with error code -1100 (File does not exist.)

---------------------

18/11/2023, 4:24:12 pm - ERROR: Download of "https://kdata1.com/2021/03/3527391/2.1/images/obj_collision-sheet2.png"
	failed with error code -1100 (File does not exist.)

---------------------

18/11/2023, 4:24:54 pm - ERROR: Download of "https://kdata1.com/2021/03/3527391/2.1/images/obj_boulder-sheet2.png"
	failed with error code -1100 (File does not exist.)

---------------------

18/11/2023, 4:25:04 pm - ERROR: Download of "https://kdata1.com/2021/03/3527391/2.1/images/key-sheet1.png"
	failed with error code -1100 (File does not exist.)

---------------------

18/11/2023, 4:25:05 pm - ERROR: Download of "https://kdata1.com/2021/03/3527391/2.1/images/key-sheet2.png"
	failed with error code -1100 (File does not exist.)

---------------------

18/11/2023, 4:25:32 pm - ERROR: Download of "https://kdata1.com/2021/03/3527391/2.1/images/obj_breakable-sheet1.png"
	failed with error code -1100 (File does not exist.)

---------------------

18/11/2023, 4:25:33 pm - ERROR: Download of "https://kdata1.com/2021/03/3527391/2.1/images/obj_breakable-sheet2.png"
	failed with error code -1100 (File does not exist.)

---------------------

18/11/2023, 4:26:12 pm - ERROR: Download of "https://kdata1.com/2021/03/3527391/2.1/images/wardrobe-sheet1.png"
	failed with error code -1100 (File does not exist.)

---------------------

18/11/2023, 4:26:14 pm - ERROR: Download of "https://kdata1.com/2021/03/3527391/2.1/images/wardrobe-sheet2.png"
	failed with error code -1100 (File does not exist.)

---------------------

18/11/2023, 4:26:22 pm - ERROR: Download of "https://kdata1.com/2021/03/3527391/2.1/images/transfoboulderspawner-sheet0.pn"
	failed with error code -1100 (File does not exist.)

---------------------

18/11/2023, 4:26:48 pm - ERROR: Download of "https://kdata1.com/2021/03/3527391/2.1/images/transfoboulderspawner-sheet1.png"
	failed with error code -1100 (File does not exist.)

---------------------

18/11/2023, 4:26:49 pm - ERROR: Download of "https://kdata1.com/2021/03/3527391/2.1/images/transfoboulderspawner-sheet2.png"
	failed with error code -1100 (File does not exist.)

---------------------

18/11/2023, 4:27:00 pm - ERROR: Download of "https://kdata1.com/2021/03/3527391/2.1/images/obj_jumpthru-sheet1.png"
	failed with error code -1100 (File does not exist.)

---------------------

18/11/2023, 4:27:02 pm - ERROR: Download of "https://kdata1.com/2021/03/3527391/2.1/images/obj_jumpthru-sheet2.png"
	failed with error code -1100 (File does not exist.)

---------------------

18/11/2023, 4:27:50 pm - ERROR: Download of "https://kdata1.com/2021/03/3527391/2.1/images/obj_barrel-sheet1.png"
	failed with error code -1100 (File does not exist.)

---------------------

18/11/2023, 4:28:39 pm - ERROR: Download of "https://kdata1.com/2021/03/3527391/2.1/images/playerblock-sheet2.png"
	failed with error code -1100 (File does not exist.)

---------------------

18/11/2023, 4:28:48 pm - ERROR: Download of "https://kdata1.com/2021/03/3527391/2.1/images/obj_door-sheet1.png"
	failed with error code -1100 (File does not exist.)

---------------------

18/11/2023, 4:28:51 pm - ERROR: Download of "https://kdata1.com/2021/03/3527391/2.1/images/obj_door-sheet2.png"
	failed with error code -1100 (File does not exist.)

---------------------

18/11/2023, 4:29:49 pm - ERROR: Download of "https://kdata1.com/2021/03/3527391/2.1/images/col_point-sheet2.png"
	failed with error code -1100 (File does not exist.)

---------------------

18/11/2023, 4:30:04 pm - ERROR: Download of "https://kdata1.com/2021/03/3527391/2.1/images/toppincollectible-sheet2.png"
	failed with error code -1100 (File does not exist.)

---------------------
